<?xml version="1.0" encoding="UTF-8"?>
<testsuite xmlns:xsi="http://www.w3.org/2001/XMLSchema-instance" xsi:noNamespaceSchemaLocation="https://maven.apache.org/surefire/maven-surefire-plugin/xsd/surefire-test-report.xsd" name="com.spotify.apollo.route.MiddlewaresTest" time="0.278" tests="1" errors="1" skipped="0" failures="0">
  <properties>
[...]
</properties>
  <testcase name="asShouldSerializeObjectAsJson" classname="com.spotify.apollo.route.MiddlewaresTest" time="0.275">
    <error message="For input string: &quot;&quot;hi&quot;&quot;" type="java.lang.NumberFormatException">java.lang.NumberFormatException: For input string: ""hi""
	at com.spotify.apollo.route.MiddlewaresTest.asShouldSerializeObjectAsJson(MiddlewaresTest.java:152)
</error>
  </testcase>
</testsuite>